<?xml version="1.0" encoding="UTF-8"?>
<robot generator="Robot 6.0.1 (Python 3.8.10 on linux)" generated="20221128 19:22:00.475" rpa="false" schemaversion="3">
<suite id="s1" name="CrawlerA1Test" source="/home/nicocerve/Documentos/GitHub/2022-A.1-Q-Learning/test/CrawlerA1Test.robot">
<test id="s1-t1" name="QLearning inicializar_q_table" line="30">
<kw name="Get Library Instance" library="BuiltIn">
<var>${qlearning}</var>
<arg>QLearning</arg>
<doc>Returns the currently active instance of the specified library.</doc>
<msg timestamp="20221128 19:22:00.876" level="INFO">${qlearning} = &lt;QLearning.QLearning object at 0x7f3662243df0&gt;</msg>
<status status="PASS" starttime="20221128 19:22:00.876" endtime="20221128 19:22:00.877"/>
</kw>
<kw name="Verificar Iniciacion De Tabla Q" library="keywords">
<arg>${qlearning}</arg>
<kw name="Start Process" library="Process">
<arg>${qlearning}</arg>
<arg>inicializar_q_table</arg>
<doc>Starts a new process on background.</doc>
<msg timestamp="20221128 19:22:00.879" level="INFO">Starting process:
"&lt;QLearning.QLearning object at 0x7f3662243df0&gt;" inicializar_q_table</msg>
<msg timestamp="20221128 19:22:00.884" level="FAIL">FileNotFoundError: [Errno 2] No such file or directory: '&lt;QLearning.QLearning object at 0x7f3662243df0&gt;'</msg>
<status status="FAIL" starttime="20221128 19:22:00.878" endtime="20221128 19:22:00.885"/>
</kw>
<for flavor="IN RANGE">
<var>${i}</var>
<value>3</value>
<iter>
<var name="${i}"/>
<for flavor="IN RANGE">
<var>${j}</var>
<value>3</value>
<iter>
<var name="${j}"/>
<for flavor="IN RANGE">
<var>${k}</var>
<value>4</value>
<iter>
<var name="${k}"/>
<kw name="Should Be Equal" library="BuiltIn">
<arg>${qlearning.q_table[${i}][${j}][${k}]}</arg>
<arg>${0}</arg>
<doc>Fails if the given objects are unequal.</doc>
<status status="NOT RUN" starttime="20221128 19:22:00.887" endtime="20221128 19:22:00.887"/>
</kw>
<status status="NOT RUN" starttime="20221128 19:22:00.886" endtime="20221128 19:22:00.887"/>
</iter>
<status status="NOT RUN" starttime="20221128 19:22:00.886" endtime="20221128 19:22:00.887"/>
</for>
<status status="NOT RUN" starttime="20221128 19:22:00.886" endtime="20221128 19:22:00.887"/>
</iter>
<status status="NOT RUN" starttime="20221128 19:22:00.886" endtime="20221128 19:22:00.887"/>
</for>
<status status="NOT RUN" starttime="20221128 19:22:00.886" endtime="20221128 19:22:00.887"/>
</iter>
<status status="NOT RUN" starttime="20221128 19:22:00.886" endtime="20221128 19:22:00.887"/>
</for>
<kw name="Set Suite Variable" library="BuiltIn">
<arg>${q_table}</arg>
<arg>${qlearning.q_table}</arg>
<doc>Makes a variable available everywhere within the scope of the current suite.</doc>
<status status="NOT RUN" starttime="20221128 19:22:00.888" endtime="20221128 19:22:00.888"/>
</kw>
<kw name="Set Variable" library="BuiltIn">
<var>${q_table}</var>
<arg>${q_table++1}</arg>
<doc>Returns the given values which can then be assigned to a variables.</doc>
<status status="NOT RUN" starttime="20221128 19:22:00.888" endtime="20221128 19:22:00.888"/>
</kw>
<kw name="Call Method" library="BuiltIn">
<arg>${qlearning}</arg>
<arg>inicializar_q_table</arg>
<arg>${q_table}</arg>
<doc>Calls the named method of the given object with the provided arguments.</doc>
<status status="NOT RUN" starttime="20221128 19:22:00.888" endtime="20221128 19:22:00.888"/>
</kw>
<for flavor="IN RANGE">
<var>${i}</var>
<value>3</value>
<iter>
<var name="${i}"/>
<for flavor="IN RANGE">
<var>${j}</var>
<value>3</value>
<iter>
<var name="${j}"/>
<for flavor="IN RANGE">
<var>${k}</var>
<value>4</value>
<iter>
<var name="${k}"/>
<kw name="Should Be Equal" library="BuiltIn">
<arg>${qlearning.q_table[${i}][${j}][${k}]}</arg>
<arg>${q_table[${i}][${j}][${k}]}</arg>
<doc>Fails if the given objects are unequal.</doc>
<status status="NOT RUN" starttime="20221128 19:22:00.890" endtime="20221128 19:22:00.890"/>
</kw>
<status status="NOT RUN" starttime="20221128 19:22:00.889" endtime="20221128 19:22:00.890"/>
</iter>
<status status="NOT RUN" starttime="20221128 19:22:00.889" endtime="20221128 19:22:00.890"/>
</for>
<status status="NOT RUN" starttime="20221128 19:22:00.889" endtime="20221128 19:22:00.890"/>
</iter>
<status status="NOT RUN" starttime="20221128 19:22:00.889" endtime="20221128 19:22:00.890"/>
</for>
<status status="NOT RUN" starttime="20221128 19:22:00.889" endtime="20221128 19:22:00.890"/>
</iter>
<status status="NOT RUN" starttime="20221128 19:22:00.888" endtime="20221128 19:22:00.890"/>
</for>
<status status="FAIL" starttime="20221128 19:22:00.878" endtime="20221128 19:22:00.891"/>
</kw>
<doc>Testeo al inicializar_q_table con valores por defecto y con valores predeterminados</doc>
<status status="FAIL" starttime="20221128 19:22:00.875" endtime="20221128 19:22:00.891">FileNotFoundError: [Errno 2] No such file or directory: '&lt;QLearning.QLearning object at 0x7f3662243df0&gt;'</status>
</test>
<doc>Testeo al codigo de Crawler A1</doc>
<status status="FAIL" starttime="20221128 19:22:00.478" endtime="20221128 19:22:00.893"/>
</suite>
<statistics>
<total>
<stat pass="0" fail="1" skip="0">All Tests</stat>
</total>
<tag>
</tag>
<suite>
<stat pass="0" fail="1" skip="0" id="s1" name="CrawlerA1Test">CrawlerA1Test</stat>
</suite>
</statistics>
<errors>
</errors>
</robot>
