<?xml version="1.0" encoding="UTF-8"?>
<robot generator="Robot 6.0.1 (Python 3.8.10 on linux)" generated="20221112 12:43:52.546" rpa="false" schemaversion="3">
<suite id="s1" name="CrawlerA1Test" source="/home/nicocerve/Documentos/GitHub/2022-A.1-Q-Learning/test/CrawlerA1Test.robot">
<test id="s1-t1" name="AdminEs __init__" line="11">
<kw name="Get Library Instance" library="BuiltIn">
<var>${admines}</var>
<arg>AdminES</arg>
<doc>Returns the currently active instance of the specified library.</doc>
<msg timestamp="20221112 12:43:52.707" level="INFO">${admines} = &lt;AdminES.AdminES object at 0x7f8b2111ed00&gt;</msg>
<status status="PASS" starttime="20221112 12:43:52.706" endtime="20221112 12:43:52.708"/>
</kw>
<kw name="Verificar Pines" library="keywords">
<arg>${admines}</arg>
<kw name="Set Variable" library="BuiltIn">
<var>${pin_servo1}</var>
<arg>23</arg>
<doc>Returns the given values which can then be assigned to a variables.</doc>
<msg timestamp="20221112 12:43:52.710" level="INFO">${pin_servo1} = 23</msg>
<status status="PASS" starttime="20221112 12:43:52.709" endtime="20221112 12:43:52.710"/>
</kw>
<kw name="Set Variable" library="BuiltIn">
<var>${pin_servo2}</var>
<arg>24</arg>
<doc>Returns the given values which can then be assigned to a variables.</doc>
<msg timestamp="20221112 12:43:52.711" level="INFO">${pin_servo2} = 24</msg>
<status status="PASS" starttime="20221112 12:43:52.710" endtime="20221112 12:43:52.711"/>
</kw>
<kw name="Set Variable" library="BuiltIn">
<var>${pin_encoder1}</var>
<arg>20</arg>
<doc>Returns the given values which can then be assigned to a variables.</doc>
<msg timestamp="20221112 12:43:52.711" level="INFO">${pin_encoder1} = 20</msg>
<status status="PASS" starttime="20221112 12:43:52.711" endtime="20221112 12:43:52.712"/>
</kw>
<kw name="Set Variable" library="BuiltIn">
<var>${pin_encoder2}</var>
<arg>21</arg>
<doc>Returns the given values which can then be assigned to a variables.</doc>
<msg timestamp="20221112 12:43:52.712" level="INFO">${pin_encoder2} = 21</msg>
<status status="PASS" starttime="20221112 12:43:52.712" endtime="20221112 12:43:52.712"/>
</kw>
<kw name="Should Be Equal As Integers" library="BuiltIn">
<arg>${admines.pin_servo1}</arg>
<arg>${pin_servo1}</arg>
<doc>Fails if objects are unequal after converting them to integers.</doc>
<msg timestamp="20221112 12:43:52.713" level="INFO">Argument types are:
&lt;class 'int'&gt;
&lt;class 'str'&gt;</msg>
<status status="PASS" starttime="20221112 12:43:52.712" endtime="20221112 12:43:52.714"/>
</kw>
<kw name="Should Be Equal As Integers" library="BuiltIn">
<arg>${admines.pin_servo2}</arg>
<arg>${pin_servo2}</arg>
<doc>Fails if objects are unequal after converting them to integers.</doc>
<msg timestamp="20221112 12:43:52.715" level="INFO">Argument types are:
&lt;class 'int'&gt;
&lt;class 'str'&gt;</msg>
<status status="PASS" starttime="20221112 12:43:52.714" endtime="20221112 12:43:52.715"/>
</kw>
<kw name="Should Be Equal As Integers" library="BuiltIn">
<arg>${admines.pin_encoder1}</arg>
<arg>${pin_encoder1}</arg>
<doc>Fails if objects are unequal after converting them to integers.</doc>
<msg timestamp="20221112 12:43:52.716" level="INFO">Argument types are:
&lt;class 'int'&gt;
&lt;class 'str'&gt;</msg>
<status status="PASS" starttime="20221112 12:43:52.715" endtime="20221112 12:43:52.716"/>
</kw>
<kw name="Should Be Equal As Integers" library="BuiltIn">
<arg>${admines.pin_encoder2}</arg>
<arg>${pin_encoder2}</arg>
<doc>Fails if objects are unequal after converting them to integers.</doc>
<msg timestamp="20221112 12:43:52.717" level="INFO">Argument types are:
&lt;class 'int'&gt;
&lt;class 'str'&gt;</msg>
<status status="PASS" starttime="20221112 12:43:52.717" endtime="20221112 12:43:52.717"/>
</kw>
<status status="PASS" starttime="20221112 12:43:52.709" endtime="20221112 12:43:52.718"/>
</kw>
<doc>Testeo al constructor de la clase AdminES</doc>
<status status="PASS" starttime="20221112 12:43:52.706" endtime="20221112 12:43:52.718"/>
</test>
<doc>Testeo al codigo de Crawler A1</doc>
<status status="PASS" starttime="20221112 12:43:52.549" endtime="20221112 12:43:52.719"/>
</suite>
<statistics>
<total>
<stat pass="1" fail="0" skip="0">All Tests</stat>
</total>
<tag>
</tag>
<suite>
<stat pass="1" fail="0" skip="0" id="s1" name="CrawlerA1Test">CrawlerA1Test</stat>
</suite>
</statistics>
<errors>
<msg timestamp="20221112 12:43:52.694" level="ERROR">Error in file '/home/nicocerve/Documentos/GitHub/2022-A.1-Q-Learning/test/CrawlerA1Test.robot' on line 4: Variable '${app}' not found.</msg>
</errors>
</robot>
